<?xml version="1.0" encoding="UTF-8"?>
<robot generator="Robot 7.0 (Python 3.12.2 on win32)" generated="2024-04-08T15:18:03.068484" rpa="false" schemaversion="5">
<suite id="s1" name="practiceForm" source="C:\Users\test657\RobotFramework\pythonProject\tests\examples\realExample\practiceForm.robot">
<test id="s1-t1" name="Verify Element Exist And Click On It" line="23">
<kw name="Start the browser" owner="commonKeywordsPage" type="SETUP">
<kw name="Evaluate" owner="BuiltIn">
<msg time="2024-04-08T15:18:03.502316" level="INFO">${options} = &lt;selenium.webdriver.chrome.options.Options object at 0x000001B2D7B5E8A0&gt;</msg>
<var>${options}</var>
<arg>sys.modules['selenium.webdriver'].${browser}Options()</arg>
<arg>sys, selenium.webdriver</arg>
<doc>Evaluates the given expression in Python and returns the result.</doc>
<status status="PASS" start="2024-04-08T15:18:03.502316" elapsed="0.000000"/>
</kw>
<kw name="Run Keyword If" owner="BuiltIn">
<arg>'${browser}' == 'Firefox' and ${HEADLESS}</arg>
<arg>Call Method</arg>
<arg>${options}</arg>
<arg>add_argument</arg>
<arg>-headless</arg>
<doc>Runs the given keyword with the given arguments, if ``condition`` is true.</doc>
<status status="PASS" start="2024-04-08T15:18:03.502316" elapsed="0.000000"/>
</kw>
<kw name="Run Keyword If" owner="BuiltIn">
<arg>'${browser}' == 'Chrome' and ${HEADLESS}</arg>
<arg>Call Method</arg>
<arg>${options}</arg>
<arg>add_argument</arg>
<arg>--headless</arg>
<doc>Runs the given keyword with the given arguments, if ``condition`` is true.</doc>
<status status="PASS" start="2024-04-08T15:18:03.503319" elapsed="0.000000"/>
</kw>
<kw name="Run Keyword If" owner="BuiltIn">
<kw name="Call Method" owner="BuiltIn">
<arg>${options}</arg>
<arg>add_argument</arg>
<arg>--disable-gpu</arg>
<doc>Calls the named method of the given object with the provided arguments.</doc>
<status status="PASS" start="2024-04-08T15:18:03.503319" elapsed="0.000000"/>
</kw>
<arg>'${browser}' == 'Chrome'</arg>
<arg>Call Method</arg>
<arg>${options}</arg>
<arg>add_argument</arg>
<arg>--disable-gpu</arg>
<doc>Runs the given keyword with the given arguments, if ``condition`` is true.</doc>
<status status="PASS" start="2024-04-08T15:18:03.503319" elapsed="0.000000"/>
</kw>
<kw name="Create Webdriver" owner="SeleniumLibrary">
<msg time="2024-04-08T15:18:03.503319" level="INFO">Creating an instance of the Chrome WebDriver.</msg>
<arg>${browser}</arg>
<arg>options=${options}</arg>
<doc>Creates an instance of Selenium WebDriver.</doc>
<status status="PASS" start="2024-04-08T15:18:03.503319" elapsed="1.528091"/>
</kw>
<kw name="Full Screen" owner="browser">
<status status="PASS" start="2024-04-08T15:18:05.031410" elapsed="0.115754"/>
</kw>
<status status="PASS" start="2024-04-08T15:18:03.501319" elapsed="1.645845"/>
</kw>
<kw name="Log To Console" owner="BuiltIn">
<arg>${firstName}</arg>
<doc>Logs the given message to the console.</doc>
<status status="PASS" start="2024-04-08T15:18:05.147164" elapsed="0.001001"/>
</kw>
<kw name="Navigate to the 'Student Registration Form' page" owner="practiceFormPage">
<kw name="Log" owner="BuiltIn">
<msg time="2024-04-08T15:18:05.148165" level="INFO">https://demoqa.com/automation-practice-form</msg>
<arg>${url}</arg>
<doc>Logs the given message with the given level.</doc>
<status status="PASS" start="2024-04-08T15:18:05.148165" elapsed="0.000000"/>
</kw>
<kw name="Navigate To Url And Verify" owner="navigateTo">
<msg time="2024-04-08T15:18:05.155292" level="INFO">Opening url 'https://demoqa.com/automation-practice-form'</msg>
<arg>${url}</arg>
<status status="PASS" start="2024-04-08T15:18:05.149165" elapsed="1.232259"/>
</kw>
<arg>${login_urlAddress}</arg>
<doc>Navigates to the 'Student Registration' page.</doc>
<status status="PASS" start="2024-04-08T15:18:05.148165" elapsed="1.233259"/>
</kw>
<kw name="Fill in the 'First Name' input text element with correct random data" owner="practiceFormPage">
<kw name="Send Keys" owner="sendKeys">
<msg time="2024-04-08T15:18:06.390442" level="INFO">Clicking element 'id:firstName'.</msg>
<arg>${firstName_inputTextElement}</arg>
<arg>${firstName}</arg>
<status status="PASS" start="2024-04-08T15:18:06.382451" elapsed="0.258701"/>
</kw>
<arg>${firstName}</arg>
<doc>Fill with valid First Name data.</doc>
<status status="PASS" start="2024-04-08T15:18:06.381424" elapsed="0.259728"/>
</kw>
<kw name="Fill in the 'Last Name' input text element with correct random data" owner="practiceFormPage">
<kw name="Send Keys" owner="sendKeys">
<msg time="2024-04-08T15:18:06.720812" level="INFO">Clicking element 'id:lastName'.</msg>
<arg>${lastName_inputTextElement}</arg>
<arg>${lastName}</arg>
<status status="PASS" start="2024-04-08T15:18:06.641152" elapsed="0.268292"/>
</kw>
<arg>${lastName}</arg>
<doc>Fill with valid Last Name data.</doc>
<status status="PASS" start="2024-04-08T15:18:06.641152" elapsed="0.268292"/>
</kw>
<kw name="Fill in the 'Email' input text element with correct random data" owner="practiceFormPage">
<kw name="Return True Or False Randomly" owner="randomDecision">
<msg time="2024-04-08T15:18:06.909444" level="INFO">${random_decision} = True</msg>
<var>${random_decision}</var>
<status status="PASS" start="2024-04-08T15:18:06.909444" elapsed="0.000998"/>
</kw>
<if>
<branch type="IF" condition="${random_decision}">
<kw name="Send Keys" owner="sendKeys">
<msg time="2024-04-08T15:18:06.918453" level="INFO">Clicking element 'id:userEmail'.</msg>
<arg>${email_inputTextElement}</arg>
<arg>${email}</arg>
<status status="PASS" start="2024-04-08T15:18:06.910442" elapsed="0.216421"/>
</kw>
<status status="PASS" start="2024-04-08T15:18:06.910442" elapsed="0.216421"/>
</branch>
<branch type="ELSE IF" condition="not ${random_decision}">
<kw name="Log" owner="BuiltIn">
<arg>Field will not be filled with data.</arg>
<doc>Logs the given message with the given level.</doc>
<status status="NOT RUN" start="2024-04-08T15:18:07.126863" elapsed="0.000000"/>
</kw>
<status status="NOT RUN" start="2024-04-08T15:18:07.126863" elapsed="0.000000"/>
</branch>
<branch type="ELSE">
<kw name="Fail" owner="BuiltIn">
<arg>Incorrect value for "random_decision" variable found in "Fill in the 'Email' input text element with correct random data" keyword. \n Please provide boolean value.</arg>
<doc>Fails the test with the given message and optionally alters its tags.</doc>
<status status="NOT RUN" start="2024-04-08T15:18:07.126863" elapsed="0.000000"/>
</kw>
<status status="NOT RUN" start="2024-04-08T15:18:07.126863" elapsed="0.000000"/>
</branch>
<status status="PASS" start="2024-04-08T15:18:06.910442" elapsed="0.216421"/>
</if>
<arg>${email}</arg>
<doc>Fill with valid email data.</doc>
<status status="PASS" start="2024-04-08T15:18:06.909444" elapsed="0.217419"/>
</kw>
<kw name="Select random value from the 'Gender' radio option" owner="practiceFormPage">
<kw name="Choose Random Value From List" owner="randomDecision">
<msg time="2024-04-08T15:18:07.127864" level="INFO">${gender} = Female</msg>
<var>${gender}</var>
<arg>${LIST_OF_GENDERS}</arg>
<status status="PASS" start="2024-04-08T15:18:07.127864" elapsed="0.000000"/>
</kw>
<kw name="Run Keyword If" owner="BuiltIn">
<kw name="Click Element" owner="SeleniumLibrary">
<msg time="2024-04-08T15:18:07.128863" level="INFO">Clicking element 'xpath=//*[@id='gender-radio-2']/parent::div'.</msg>
<arg>${female_radioButton}</arg>
<doc>Click the element identified by ``locator``.</doc>
<status status="PASS" start="2024-04-08T15:18:07.128863" elapsed="0.041291"/>
</kw>
<arg>'${gender}' == 'Male'</arg>
<arg>Click Element</arg>
<arg>${male_radioButton}</arg>
<arg>ELSE IF</arg>
<arg>'${gender}' == 'Female'</arg>
<arg>Click Element</arg>
<arg>${female_radioButton}</arg>
<arg>ELSE IF</arg>
<arg>'${gender}' == 'Other'</arg>
<arg>Click Element</arg>
<arg>${other_radioButton}</arg>
<arg>ELSE</arg>
<arg>Fail</arg>
<arg>Incorrect value for "gender" variable found in "Select random value from the 'Gender' radio option" keyword. \n Please provide list values.</arg>
<doc>Runs the given keyword with the given arguments, if ``condition`` is true.</doc>
<status status="PASS" start="2024-04-08T15:18:07.127864" elapsed="0.042290"/>
</kw>
<doc>Select Random Gender.</doc>
<status status="PASS" start="2024-04-08T15:18:07.127864" elapsed="0.042290"/>
</kw>
<kw name="Fill in the 'Mobile(10 Digits)' input text element with correct random data" owner="practiceFormPage">
<kw name="Send Keys" owner="sendKeys">
<msg time="2024-04-08T15:18:07.181336" level="INFO">Clicking element 'id:userNumber'.</msg>
<arg>${mobile_inputTextElement}</arg>
<arg>${data}</arg>
<status status="PASS" start="2024-04-08T15:18:07.170154" elapsed="0.259274"/>
</kw>
<arg>${mobileNumber}</arg>
<doc>Fill with valid mobile data.</doc>
<status status="PASS" start="2024-04-08T15:18:07.170154" elapsed="0.259274"/>
</kw>
<kw name="Select a random value from the 'Date of Birth' drop-down calendar" owner="practiceFormPage">
<kw name="Send Keys Press Enter" owner="sendKeys">
<msg time="2024-04-08T15:18:07.440471" level="INFO">Clicking element 'xpath=(//*[@id='dateOfBirth']/div)[1]/div/input'.</msg>
<arg>${dateOfBirth_dropDownCalendar}</arg>
<arg>${data}</arg>
<status status="PASS" start="2024-04-08T15:18:07.430428" elapsed="0.326665"/>
</kw>
<arg>${dateOfBirth}</arg>
<doc>Fill with valid date of birth data.</doc>
<status status="PASS" start="2024-04-08T15:18:07.430428" elapsed="0.326665"/>
</kw>
<kw name="Select random value from the 'Subjects' auto complete field" owner="practiceFormPage">
<kw name="Return True Or False Randomly" owner="randomDecision">
<msg time="2024-04-08T15:18:07.758092" level="INFO">${random_decision} = False</msg>
<var>${random_decision}</var>
<status status="PASS" start="2024-04-08T15:18:07.758092" elapsed="0.000000"/>
</kw>
<if>
<branch type="IF" condition="${random_decision}">
<kw name="Continue with random selection of the 'Subject' auto complete" owner="practiceFormPage">
<doc>Select randomly values for Subject input.</doc>
<status status="NOT RUN" start="2024-04-08T15:18:07.758092" elapsed="0.000000"/>
</kw>
<status status="NOT RUN" start="2024-04-08T15:18:07.758092" elapsed="0.000000"/>
</branch>
<branch type="ELSE IF" condition="not ${random_decision}">
<kw name="Log" owner="BuiltIn">
<msg time="2024-04-08T15:18:07.758092" level="INFO">Field will not be filled with data.</msg>
<arg>Field will not be filled with data.</arg>
<doc>Logs the given message with the given level.</doc>
<status status="PASS" start="2024-04-08T15:18:07.758092" elapsed="0.000000"/>
</kw>
<status status="PASS" start="2024-04-08T15:18:07.758092" elapsed="0.000000"/>
</branch>
<branch type="ELSE">
<kw name="Fail" owner="BuiltIn">
<arg>Incorrect value for "random_decision" variable found in "Select random value from the 'Subjects' auto complete field" keyword. \n Please provide boolean value.</arg>
<doc>Fails the test with the given message and optionally alters its tags.</doc>
<status status="NOT RUN" start="2024-04-08T15:18:07.758092" elapsed="0.000000"/>
</kw>
<status status="NOT RUN" start="2024-04-08T15:18:07.758092" elapsed="0.001001"/>
</branch>
<status status="PASS" start="2024-04-08T15:18:07.758092" elapsed="0.001001"/>
</if>
<status status="PASS" start="2024-04-08T15:18:07.757093" elapsed="0.002000"/>
</kw>
<kw name="Check random values from the 'Hobbies' check boxes" owner="practiceFormPage">
<kw name="Return True Or False Randomly" owner="randomDecision">
<msg time="2024-04-08T15:18:07.759093" level="INFO">${random_decision} = True</msg>
<var>${random_decision}</var>
<status status="PASS" start="2024-04-08T15:18:07.759093" elapsed="0.000000"/>
</kw>
<if>
<branch type="IF" condition="${random_decision}">
<kw name="Continue with random selection of the 'Hobbies' check boxes" owner="practiceFormPage">
<kw name="Set Variable" owner="BuiltIn">
<msg time="2024-04-08T15:18:07.760091" level="INFO">${values_list} = ['Sports', 'Reading', 'Music']</msg>
<var>${values_list}</var>
<arg>['Sports', 'Reading', 'Music']</arg>
<doc>Returns the given values which can then be assigned to a variables.</doc>
<status status="PASS" start="2024-04-08T15:18:07.760091" elapsed="0.000000"/>
</kw>
<kw name="Choose Random Number Of Values From List" owner="randomDecision">
<msg time="2024-04-08T15:18:07.760091" level="INFO">${random_values} = ['Music', 'Reading']</msg>
<var>${random_values}</var>
<arg>${values_list}</arg>
<status status="PASS" start="2024-04-08T15:18:07.760091" elapsed="0.000000"/>
</kw>
<for flavor="IN">
<iter>
<kw name="Run Keyword If" owner="BuiltIn">
<kw name="Click It" owner="click">
<msg time="2024-04-08T15:18:07.774183" level="INFO">Clicking element 'xpath=//*[@id='hobbies-checkbox-3']/parent::div'.</msg>
<arg>${music_checkBox}</arg>
<status status="PASS" start="2024-04-08T15:18:07.760091" elapsed="0.104538"/>
</kw>
<arg>'${subject}' == 'Sports'</arg>
<arg>Click It</arg>
<arg>${sports_checkBox}</arg>
<arg>ELSE IF</arg>
<arg>'${subject}' == 'Reading'</arg>
<arg>Click It</arg>
<arg>${reading_checkBox}</arg>
<arg>ELSE IF</arg>
<arg>'${subject}' == 'Music'</arg>
<arg>Click It</arg>
<arg>${music_checkBox}</arg>
<doc>Runs the given keyword with the given arguments, if ``condition`` is true.</doc>
<status status="PASS" start="2024-04-08T15:18:07.760091" elapsed="0.104538"/>
</kw>
<var name="${subject}">Music</var>
<status status="PASS" start="2024-04-08T15:18:07.760091" elapsed="0.104538"/>
</iter>
<iter>
<kw name="Run Keyword If" owner="BuiltIn">
<kw name="Click It" owner="click">
<msg time="2024-04-08T15:18:07.876187" level="INFO">Clicking element 'xpath=//*[@id='hobbies-checkbox-2']/parent::div'.</msg>
<arg>${reading_checkBox}</arg>
<status status="PASS" start="2024-04-08T15:18:07.865248" elapsed="0.106928"/>
</kw>
<arg>'${subject}' == 'Sports'</arg>
<arg>Click It</arg>
<arg>${sports_checkBox}</arg>
<arg>ELSE IF</arg>
<arg>'${subject}' == 'Reading'</arg>
<arg>Click It</arg>
<arg>${reading_checkBox}</arg>
<arg>ELSE IF</arg>
<arg>'${subject}' == 'Music'</arg>
<arg>Click It</arg>
<arg>${music_checkBox}</arg>
<doc>Runs the given keyword with the given arguments, if ``condition`` is true.</doc>
<status status="PASS" start="2024-04-08T15:18:07.865248" elapsed="0.106928"/>
</kw>
<var name="${subject}">Reading</var>
<status status="PASS" start="2024-04-08T15:18:07.865158" elapsed="0.107018"/>
</iter>
<var>${subject}</var>
<value>@{random_values}</value>
<status status="PASS" start="2024-04-08T15:18:07.760091" elapsed="0.212085"/>
</for>
<doc>Continue with the Hobbies selection.</doc>
<status status="PASS" start="2024-04-08T15:18:07.759093" elapsed="0.213083"/>
</kw>
<status status="PASS" start="2024-04-08T15:18:07.759093" elapsed="0.213083"/>
</branch>
<branch type="ELSE IF" condition="not ${random_decision}">
<kw name="Log" owner="BuiltIn">
<arg>Field will not be filled with data.</arg>
<doc>Logs the given message with the given level.</doc>
<status status="NOT RUN" start="2024-04-08T15:18:07.972176" elapsed="0.000000"/>
</kw>
<status status="NOT RUN" start="2024-04-08T15:18:07.972176" elapsed="0.000000"/>
</branch>
<branch type="ELSE">
<kw name="Fail" owner="BuiltIn">
<arg>Incorrect value for "random_decision" variable found in "Check random values from the 'Hobbies' check boxes" keyword. \n Please provide boolean value.</arg>
<doc>Fails the test with the given message and optionally alters its tags.</doc>
<status status="NOT RUN" start="2024-04-08T15:18:07.972176" elapsed="0.000000"/>
</kw>
<status status="NOT RUN" start="2024-04-08T15:18:07.972176" elapsed="0.000000"/>
</branch>
<status status="PASS" start="2024-04-08T15:18:07.759093" elapsed="0.213083"/>
</if>
<doc>Select randomly values for Hobbies check boxes.</doc>
<status status="PASS" start="2024-04-08T15:18:07.759093" elapsed="0.213083"/>
</kw>
<kw name="Upload random 'image' using upload function" owner="practiceFormPage">
<kw name="Return True Or False Randomly" owner="randomDecision">
<msg time="2024-04-08T15:18:07.973209" level="INFO">${random_decision} = False</msg>
<var>${random_decision}</var>
<status status="PASS" start="2024-04-08T15:18:07.973209" elapsed="0.000000"/>
</kw>
<kw name="Run Keyword If" owner="BuiltIn">
<arg>'${random_decision}' == 'True'</arg>
<arg>Continue With Upload Image</arg>
<arg>${imageFilePath}</arg>
<doc>Runs the given keyword with the given arguments, if ``condition`` is true.</doc>
<status status="PASS" start="2024-04-08T15:18:07.973209" elapsed="0.000996"/>
</kw>
<arg>${imageLocation}</arg>
<doc>Upload an image or skip based on a random decision.</doc>
<status status="PASS" start="2024-04-08T15:18:07.973209" elapsed="0.000996"/>
</kw>
<kw name="Fill in the 'Current Address' input text element with correct random data" owner="practiceFormPage">
<kw name="Return True Or False Randomly" owner="randomDecision">
<msg time="2024-04-08T15:18:07.974205" level="INFO">${random_decision} = False</msg>
<var>${random_decision}</var>
<status status="PASS" start="2024-04-08T15:18:07.974205" elapsed="0.000000"/>
</kw>
<kw name="Run Keyword If" owner="BuiltIn">
<arg>'${random_decision}' == 'True'</arg>
<arg>Continue With 'Current Address'</arg>
<arg>${text}</arg>
<doc>Runs the given keyword with the given arguments, if ``condition`` is true.</doc>
<status status="PASS" start="2024-04-08T15:18:07.974205" elapsed="0.000000"/>
</kw>
<arg>${currentAddress}</arg>
<doc>Fill with valid address data.</doc>
<status status="PASS" start="2024-04-08T15:18:07.974205" elapsed="0.000000"/>
</kw>
<kw name="Select a random value from the 'Select State' drop-down list" owner="practiceFormPage">
<kw name="Scroll Down" owner="browser">
<arg>300</arg>
<status status="PASS" start="2024-04-08T15:18:07.975331" elapsed="0.006005"/>
</kw>
<kw name="Click It" owner="click">
<msg time="2024-04-08T15:18:07.995940" level="INFO">Clicking element 'id:state'.</msg>
<arg>${selectState_dropDownList}</arg>
<status status="PASS" start="2024-04-08T15:18:07.981336" elapsed="0.059397"/>
</kw>
<kw name="Select Random Drop Down Value" owner="randomDecision">
<msg time="2024-04-08T15:18:08.139449" level="INFO">${random_dropDownValue} = Haryana</msg>
<var>${random_dropDownValue}</var>
<arg>${selectState_values}</arg>
<status status="PASS" start="2024-04-08T15:18:08.040733" elapsed="0.098716"/>
</kw>
<kw name="Sleep" owner="BuiltIn">
<msg time="2024-04-08T15:18:13.139654" level="INFO">Slept 5 seconds.</msg>
<arg>5s</arg>
<doc>Pauses the test executed for the given time.</doc>
<status status="PASS" start="2024-04-08T15:18:08.139449" elapsed="5.000205"/>
</kw>
<kw name="Click It" owner="click">
<msg time="2024-04-08T15:18:13.150114" level="INFO">Clicking element 'xpath=//div[text()='Haryana'][@id]'.</msg>
<arg>xpath=//div[text()='${random_dropDownValue}'][@id]</arg>
<status status="PASS" start="2024-04-08T15:18:13.139654" elapsed="0.049630"/>
</kw>
<doc>Select random value for State drop-down list.</doc>
<status status="PASS" start="2024-04-08T15:18:07.975331" elapsed="5.213953"/>
</kw>
<kw name="Select a random value from the 'Select City' drop-down list" owner="practiceFormPage">
<kw name="Click It" owner="click">
<msg time="2024-04-08T15:18:13.198379" level="INFO">Clicking element 'id:city'.</msg>
<arg>${selectCity_dropDownList}</arg>
<status status="PASS" start="2024-04-08T15:18:13.190283" elapsed="0.042756"/>
</kw>
<kw name="Select Random Drop Down Value" owner="randomDecision">
<msg time="2024-04-08T15:18:13.256125" level="INFO">${random_dropDownValue} = Panipat</msg>
<var>${random_dropDownValue}</var>
<arg>${selectCity_values}</arg>
<status status="PASS" start="2024-04-08T15:18:13.233039" elapsed="0.023086"/>
</kw>
<kw name="Sleep" owner="BuiltIn">
<msg time="2024-04-08T15:18:18.256647" level="INFO">Slept 5 seconds.</msg>
<arg>5s</arg>
<doc>Pauses the test executed for the given time.</doc>
<status status="PASS" start="2024-04-08T15:18:13.256125" elapsed="5.000522"/>
</kw>
<kw name="Click It" owner="click">
<msg time="2024-04-08T15:18:18.266222" level="INFO">Clicking element 'xpath=//div[text()='Panipat']'.</msg>
<arg>xpath=//div[text()='${random_dropDownValue}']</arg>
<status status="PASS" start="2024-04-08T15:18:18.256647" elapsed="0.043838"/>
</kw>
<doc>Select random value for City drop-down list.</doc>
<status status="PASS" start="2024-04-08T15:18:13.190283" elapsed="5.110202"/>
</kw>
<kw name="Press the 'Submit' button" owner="practiceFormPage">
<kw name="Click It" owner="click">
<msg time="2024-04-08T15:18:18.309500" level="INFO">Clicking element 'id:submit'.</msg>
<arg>${submit_button}</arg>
<status status="PASS" start="2024-04-08T15:18:18.301486" elapsed="0.059732"/>
</kw>
<status status="PASS" start="2024-04-08T15:18:18.301486" elapsed="0.059732"/>
</kw>
<kw name="Kill Browser Session" owner="commonKeywordsPage" type="TEARDOWN">
<kw name="Close Browser" owner="SeleniumLibrary">
<doc>Closes the current browser.</doc>
<status status="PASS" start="2024-04-08T15:18:18.362218" elapsed="2.124401"/>
</kw>
<status status="PASS" start="2024-04-08T15:18:18.361218" elapsed="2.125401"/>
</kw>
<tag>examples</tag>
<tag>realExample</tag>
<tag>StudentRegistrationForm</tag>
<status status="PASS" start="2024-04-08T15:18:03.501319" elapsed="16.986191"/>
</test>
<doc>Verify element exist and click on it</doc>
<status status="PASS" start="2024-04-08T15:18:03.069485" elapsed="17.419024"/>
</suite>
<statistics>
<total>
<stat pass="1" fail="0" skip="0">All Tests</stat>
</total>
<tag>
<stat pass="1" fail="0" skip="0">examples</stat>
<stat pass="1" fail="0" skip="0">realExample</stat>
<stat pass="1" fail="0" skip="0">StudentRegistrationForm</stat>
</tag>
<suite>
<stat pass="1" fail="0" skip="0" id="s1" name="practiceForm">practiceForm</stat>
</suite>
</statistics>
<errors>
</errors>
</robot>
