<?xml version="1.0" encoding="UTF-8"?>
<robot generator="Robot 7.0 (Python 3.12.2 on win32)" generated="2024-04-07T16:12:30.719506" rpa="false" schemaversion="5">
<suite id="s1" name="practiceForm" source="C:\Users\test657\RobotFramework\pythonProject\tests\examples\realExample\practiceForm.robot">
<test id="s1-t1" name="Verify Element Exist And Click On It" line="22">
<kw name="Start the browser" owner="commonKeywordsPage" type="SETUP">
<kw name="Evaluate" owner="BuiltIn">
<msg time="2024-04-07T16:12:30.921189" level="INFO">${options} = &lt;selenium.webdriver.chrome.options.Options object at 0x0000020D8EAC9BB0&gt;</msg>
<var>${options}</var>
<arg>sys.modules['selenium.webdriver'].${browser}Options()</arg>
<arg>sys, selenium.webdriver</arg>
<doc>Evaluates the given expression in Python and returns the result.</doc>
<status status="PASS" start="2024-04-07T16:12:30.920189" elapsed="0.001000"/>
</kw>
<kw name="Run Keyword If" owner="BuiltIn">
<arg>'${browser}' == 'Firefox' and ${HEADLESS}</arg>
<arg>Call Method</arg>
<arg>${options}</arg>
<arg>add_argument</arg>
<arg>-headless</arg>
<doc>Runs the given keyword with the given arguments, if ``condition`` is true.</doc>
<status status="PASS" start="2024-04-07T16:12:30.921189" elapsed="0.000000"/>
</kw>
<kw name="Run Keyword If" owner="BuiltIn">
<arg>'${browser}' == 'Chrome' and ${HEADLESS}</arg>
<arg>Call Method</arg>
<arg>${options}</arg>
<arg>add_argument</arg>
<arg>--headless</arg>
<doc>Runs the given keyword with the given arguments, if ``condition`` is true.</doc>
<status status="PASS" start="2024-04-07T16:12:30.921189" elapsed="0.000000"/>
</kw>
<kw name="Run Keyword If" owner="BuiltIn">
<kw name="Call Method" owner="BuiltIn">
<arg>${options}</arg>
<arg>add_argument</arg>
<arg>--disable-gpu</arg>
<doc>Calls the named method of the given object with the provided arguments.</doc>
<status status="PASS" start="2024-04-07T16:12:30.922189" elapsed="0.000000"/>
</kw>
<arg>'${browser}' == 'Chrome'</arg>
<arg>Call Method</arg>
<arg>${options}</arg>
<arg>add_argument</arg>
<arg>--disable-gpu</arg>
<doc>Runs the given keyword with the given arguments, if ``condition`` is true.</doc>
<status status="PASS" start="2024-04-07T16:12:30.922189" elapsed="0.000000"/>
</kw>
<kw name="Create Webdriver" owner="SeleniumLibrary">
<msg time="2024-04-07T16:12:30.922189" level="INFO">Creating an instance of the Chrome WebDriver.</msg>
<arg>${browser}</arg>
<arg>options=${options}</arg>
<doc>Creates an instance of Selenium WebDriver.</doc>
<status status="PASS" start="2024-04-07T16:12:30.922189" elapsed="1.567326"/>
</kw>
<status status="PASS" start="2024-04-07T16:12:30.920189" elapsed="1.569326"/>
</kw>
<kw name="Navigate to the 'Student Registration Form' page" owner="practiceFormPage">
<kw name="Log" owner="BuiltIn">
<msg time="2024-04-07T16:12:32.490515" level="INFO">https://demoqa.com/automation-practice-form</msg>
<arg>${url}</arg>
<doc>Logs the given message with the given level.</doc>
<status status="PASS" start="2024-04-07T16:12:32.490515" elapsed="0.000000"/>
</kw>
<kw name="Navigate To Url And Verify" owner="navigateToUrlAndVerify">
<msg time="2024-04-07T16:12:32.497516" level="INFO">Opening url 'https://demoqa.com/automation-practice-form'</msg>
<arg>${url}</arg>
<status status="PASS" start="2024-04-07T16:12:32.490515" elapsed="1.194077"/>
</kw>
<arg>${login_urlAddress}</arg>
<doc>Navigates to the 'Student Registration' page.</doc>
<status status="PASS" start="2024-04-07T16:12:32.489515" elapsed="1.195077"/>
</kw>
<kw name="Fill in the 'First Name' input text element with correct random data" owner="practiceFormPage">
<kw name="Fill And Verify Text Field" owner="sendKeys">
<msg time="2024-04-07T16:12:33.701627" level="INFO">Clicking element 'id:firstName'.</msg>
<arg>${firstName_inputTextElement}</arg>
<arg>${firstName}</arg>
<status status="PASS" start="2024-04-07T16:12:33.685592" elapsed="0.188317"/>
</kw>
<arg>${firstName}</arg>
<doc>Fill with valid data into input text element.</doc>
<status status="PASS" start="2024-04-07T16:12:33.685592" elapsed="0.188317"/>
</kw>
<kw name="Fill in the 'Last Name' input text element with correct random data" owner="practiceFormPage">
<kw name="Fill And Verify Text Field" owner="sendKeys">
<msg time="2024-04-07T16:12:33.882910" level="INFO">Clicking element 'id:lastName'.</msg>
<arg>${lastName_inputTextElement}</arg>
<arg>${lastName}</arg>
<status status="PASS" start="2024-04-07T16:12:33.874908" elapsed="0.236473"/>
</kw>
<arg>${lastName}</arg>
<doc>Fill with valid data into input text element.</doc>
<status status="PASS" start="2024-04-07T16:12:33.873909" elapsed="0.237472"/>
</kw>
<kw name="Fill in the 'Email' input text element with correct random data" owner="practiceFormPage">
<kw name="Return True Or False Randomly" owner="randomDecision">
<msg time="2024-04-07T16:12:34.112380" level="INFO">${random_decision} = True</msg>
<var>${random_decision}</var>
<status status="PASS" start="2024-04-07T16:12:34.112380" elapsed="0.000000"/>
</kw>
<if>
<branch type="IF" condition="${random_decision}">
<kw name="Fill And Verify Text Field" owner="sendKeys">
<msg time="2024-04-07T16:12:34.120890" level="INFO">Clicking element 'id:userEmail'.</msg>
<arg>${email_inputTextElement}</arg>
<arg>${email}</arg>
<status status="PASS" start="2024-04-07T16:12:34.112380" elapsed="0.246783"/>
</kw>
<status status="PASS" start="2024-04-07T16:12:34.112380" elapsed="0.246783"/>
</branch>
<branch type="ELSE IF" condition="not ${random_decision}">
<kw name="Log" owner="BuiltIn">
<arg>Field will not be filled with data.</arg>
<doc>Logs the given message with the given level.</doc>
<status status="NOT RUN" start="2024-04-07T16:12:34.359163" elapsed="0.000000"/>
</kw>
<status status="NOT RUN" start="2024-04-07T16:12:34.359163" elapsed="0.000000"/>
</branch>
<branch type="ELSE">
<kw name="Fail" owner="BuiltIn">
<arg>Incorrect value for "random_decision" variable found in "Fill in the 'Email' input text element with correct random data" keyword. \n Please provide boolean value.</arg>
<doc>Fails the test with the given message and optionally alters its tags.</doc>
<status status="NOT RUN" start="2024-04-07T16:12:34.359163" elapsed="0.000000"/>
</kw>
<status status="NOT RUN" start="2024-04-07T16:12:34.359163" elapsed="0.000000"/>
</branch>
<status status="PASS" start="2024-04-07T16:12:34.112380" elapsed="0.246783"/>
</if>
<arg>${email}</arg>
<doc>Fill with valid data into input text element.</doc>
<status status="PASS" start="2024-04-07T16:12:34.111381" elapsed="0.247782"/>
</kw>
<kw name="Select random value from the 'Gender' radio option" owner="practiceFormPage">
<kw name="Choose Random Value From List" owner="randomDecision">
<msg time="2024-04-07T16:12:34.360162" level="INFO">${gender} = Female</msg>
<var>${gender}</var>
<arg>${LIST_OF_GENDERS}</arg>
<status status="PASS" start="2024-04-07T16:12:34.360162" elapsed="0.000000"/>
</kw>
<kw name="Run Keyword If" owner="BuiltIn">
<kw name="Click Element" owner="SeleniumLibrary">
<msg time="2024-04-07T16:12:34.361161" level="INFO">Clicking element 'xpath=//*[@id='gender-radio-2']/parent::div'.</msg>
<arg>${female_radioButton}</arg>
<doc>Click the element identified by ``locator``.</doc>
<status status="PASS" start="2024-04-07T16:12:34.360162" elapsed="0.048258"/>
</kw>
<arg>'${gender}' == 'Male'</arg>
<arg>Click Element</arg>
<arg>${male_radioButton}</arg>
<arg>ELSE IF</arg>
<arg>'${gender}' == 'Female'</arg>
<arg>Click Element</arg>
<arg>${female_radioButton}</arg>
<arg>ELSE IF</arg>
<arg>'${gender}' == 'Other'</arg>
<arg>Click Element</arg>
<arg>${other_radioButton}</arg>
<arg>ELSE</arg>
<arg>Fail</arg>
<arg>Incorrect value for "gender" variable found in "Select random value from the 'Gender' radio option" keyword. \n Please provide list values.</arg>
<doc>Runs the given keyword with the given arguments, if ``condition`` is true.</doc>
<status status="PASS" start="2024-04-07T16:12:34.360162" elapsed="0.049258"/>
</kw>
<doc>Select gender.</doc>
<status status="PASS" start="2024-04-07T16:12:34.360162" elapsed="0.049258"/>
</kw>
<kw name="Fill in the 'Mobile(10 Digits)' input text element with correct random data" owner="practiceFormPage">
<kw name="Fill And Verify Text Field" owner="sendKeys">
<msg time="2024-04-07T16:12:34.419930" level="INFO">Clicking element 'id:userNumber'.</msg>
<arg>${mobile_inputTextElement}</arg>
<arg>${data}</arg>
<status status="PASS" start="2024-04-07T16:12:34.409420" elapsed="0.257517"/>
</kw>
<arg>${mobileNumber}</arg>
<doc>Fill with valid mobile data.</doc>
<status status="PASS" start="2024-04-07T16:12:34.409420" elapsed="0.257517"/>
</kw>
<kw name="Select a random value from the 'Date of Birth' drop-down calendar" owner="practiceFormPage">
<kw name="Send Keys Press Enter" owner="sendKeysAndPressEnter">
<msg time="2024-04-07T16:12:34.675940" level="INFO">Clicking element 'xpath=(//*[@id='dateOfBirth']/div)[1]/div/input'.</msg>
<arg>${dateOfBirth_dropDownCalendar}</arg>
<arg>${data}</arg>
<status status="PASS" start="2024-04-07T16:12:34.666937" elapsed="0.331223"/>
</kw>
<arg>${dateOfBirth}</arg>
<doc>Fill with valid date of birth data.</doc>
<status status="PASS" start="2024-04-07T16:12:34.666937" elapsed="0.332223"/>
</kw>
<kw name="Select random value from the 'Subjects' auto complete field" owner="practiceFormPage">
<kw name="Return True Or False Randomly" owner="randomDecision">
<msg time="2024-04-07T16:12:34.999160" level="INFO">${random_decision} = False</msg>
<var>${random_decision}</var>
<status status="PASS" start="2024-04-07T16:12:34.999160" elapsed="0.000000"/>
</kw>
<if>
<branch type="IF" condition="${random_decision}">
<kw name="Continue with random selection of the 'Subject' auto complete" owner="practiceFormPage">
<status status="NOT RUN" start="2024-04-07T16:12:35.000158" elapsed="0.000000"/>
</kw>
<status status="NOT RUN" start="2024-04-07T16:12:34.999160" elapsed="0.000998"/>
</branch>
<branch type="ELSE IF" condition="not ${random_decision}">
<kw name="Log" owner="BuiltIn">
<msg time="2024-04-07T16:12:35.000158" level="INFO">Field will not be filled with data.</msg>
<arg>Field will not be filled with data.</arg>
<doc>Logs the given message with the given level.</doc>
<status status="PASS" start="2024-04-07T16:12:35.000158" elapsed="0.000000"/>
</kw>
<status status="PASS" start="2024-04-07T16:12:35.000158" elapsed="0.000000"/>
</branch>
<branch type="ELSE">
<kw name="Fail" owner="BuiltIn">
<arg>Incorrect value for "random_decision" variable found in "Select random value from the 'Subjects' auto complete field" keyword. \n Please provide boolean value.</arg>
<doc>Fails the test with the given message and optionally alters its tags.</doc>
<status status="NOT RUN" start="2024-04-07T16:12:35.000158" elapsed="0.000000"/>
</kw>
<status status="NOT RUN" start="2024-04-07T16:12:35.000158" elapsed="0.000000"/>
</branch>
<status status="PASS" start="2024-04-07T16:12:34.999160" elapsed="0.000998"/>
</if>
<status status="PASS" start="2024-04-07T16:12:34.999160" elapsed="0.000998"/>
</kw>
<kw name="Check random values from the 'Hobbies' check boxes" owner="practiceFormPage">
<kw name="Return True Or False Randomly" owner="randomDecision">
<msg time="2024-04-07T16:12:35.001161" level="INFO">${random_decision} = False</msg>
<var>${random_decision}</var>
<status status="PASS" start="2024-04-07T16:12:35.001161" elapsed="0.000000"/>
</kw>
<if>
<branch type="IF" condition="${random_decision}">
<kw name="Continue with random selection of the 'Hobbies' check boxes" owner="practiceFormPage">
<status status="NOT RUN" start="2024-04-07T16:12:35.001161" elapsed="0.000000"/>
</kw>
<status status="NOT RUN" start="2024-04-07T16:12:35.001161" elapsed="0.000000"/>
</branch>
<branch type="ELSE IF" condition="not ${random_decision}">
<kw name="Log" owner="BuiltIn">
<msg time="2024-04-07T16:12:35.001161" level="INFO">Field will not be filled with data.</msg>
<arg>Field will not be filled with data.</arg>
<doc>Logs the given message with the given level.</doc>
<status status="PASS" start="2024-04-07T16:12:35.001161" elapsed="0.000000"/>
</kw>
<status status="PASS" start="2024-04-07T16:12:35.001161" elapsed="0.001002"/>
</branch>
<branch type="ELSE">
<kw name="Fail" owner="BuiltIn">
<arg>Incorrect value for "random_decision" variable found in "Check random values from the 'Hobbies' check boxes" keyword. \n Please provide boolean value.</arg>
<doc>Fails the test with the given message and optionally alters its tags.</doc>
<status status="NOT RUN" start="2024-04-07T16:12:35.002163" elapsed="0.000000"/>
</kw>
<status status="NOT RUN" start="2024-04-07T16:12:35.002163" elapsed="0.000000"/>
</branch>
<status status="PASS" start="2024-04-07T16:12:35.001161" elapsed="0.001002"/>
</if>
<status status="PASS" start="2024-04-07T16:12:35.001161" elapsed="0.001002"/>
</kw>
<kw name="Upload random 'image' using upload function" owner="practiceFormPage">
<kw name="Return True Or False Randomly" owner="randomDecision">
<msg time="2024-04-07T16:12:35.002163" level="INFO">${random_decision} = True</msg>
<var>${random_decision}</var>
<status status="PASS" start="2024-04-07T16:12:35.002163" elapsed="0.000000"/>
</kw>
<kw name="Run Keyword If" owner="BuiltIn">
<kw name="Continue With Upload Image" owner="practiceFormPage">
<kw name="Upload File" owner="uploadFile">
<arg>${selectPicture_uploadFile}</arg>
<arg>${imageFilePath}</arg>
<status status="PASS" start="2024-04-07T16:12:35.003161" elapsed="0.089108"/>
</kw>
<arg>${imageFilePath}</arg>
<status status="PASS" start="2024-04-07T16:12:35.003161" elapsed="0.089108"/>
</kw>
<arg>'${random_decision}' == 'True'</arg>
<arg>Continue With Upload Image</arg>
<arg>${imageFilePath}</arg>
<doc>Runs the given keyword with the given arguments, if ``condition`` is true.</doc>
<status status="PASS" start="2024-04-07T16:12:35.002163" elapsed="0.090106"/>
</kw>
<arg>${imageLocation}</arg>
<doc>Upload an image or skip based on a random decision.</doc>
<status status="PASS" start="2024-04-07T16:12:35.002163" elapsed="0.090106"/>
</kw>
<kw name="Fill in the 'Current Address' input text element with correct random data" owner="practiceFormPage">
<kw name="Return True Or False Randomly" owner="randomDecision">
<msg time="2024-04-07T16:12:35.093298" level="INFO">${random_decision} = True</msg>
<var>${random_decision}</var>
<status status="PASS" start="2024-04-07T16:12:35.093298" elapsed="0.000000"/>
</kw>
<kw name="Run Keyword If" owner="BuiltIn">
<kw name="Continue With 'Current Address'" owner="practiceFormPage">
<kw name="Fill And Verify Text Field" owner="sendKeys">
<msg time="2024-04-07T16:12:35.103273" level="INFO">Clicking element 'id:currentAddress'.</msg>
<arg>${currentAddress_textArea}</arg>
<arg>${text}</arg>
<status status="PASS" start="2024-04-07T16:12:35.093298" elapsed="0.161174"/>
</kw>
<arg>${text}</arg>
<status status="PASS" start="2024-04-07T16:12:35.093298" elapsed="0.161174"/>
</kw>
<arg>'${random_decision}' == 'True'</arg>
<arg>Continue With 'Current Address'</arg>
<arg>${text}</arg>
<doc>Runs the given keyword with the given arguments, if ``condition`` is true.</doc>
<status status="PASS" start="2024-04-07T16:12:35.093298" elapsed="0.161174"/>
</kw>
<arg>${currentAddress}</arg>
<doc>Upload an image or skip based on a random decision.</doc>
<status status="PASS" start="2024-04-07T16:12:35.093298" elapsed="0.161174"/>
</kw>
<kw name="Sleep" owner="BuiltIn">
<msg time="2024-04-07T16:12:40.255095" level="INFO">Slept 5 seconds.</msg>
<arg>5s</arg>
<doc>Pauses the test executed for the given time.</doc>
<status status="PASS" start="2024-04-07T16:12:35.254472" elapsed="5.000623"/>
</kw>
<kw name="Kill Browser Session" owner="commonKeywordsPage" type="TEARDOWN">
<kw name="Close Browser" owner="SeleniumLibrary">
<doc>Closes the current browser.</doc>
<status status="PASS" start="2024-04-07T16:12:40.256100" elapsed="2.132266"/>
</kw>
<status status="PASS" start="2024-04-07T16:12:40.255095" elapsed="2.133271"/>
</kw>
<tag>examples</tag>
<tag>realExample</tag>
<tag>StudentRegistrationForm</tag>
<status status="PASS" start="2024-04-07T16:12:30.919218" elapsed="11.469148"/>
</test>
<doc>Verify element exist and click on it</doc>
<status status="PASS" start="2024-04-07T16:12:30.720505" elapsed="11.669849"/>
</suite>
<statistics>
<total>
<stat pass="1" fail="0" skip="0">All Tests</stat>
</total>
<tag>
<stat pass="1" fail="0" skip="0">examples</stat>
<stat pass="1" fail="0" skip="0">realExample</stat>
<stat pass="1" fail="0" skip="0">StudentRegistrationForm</stat>
</tag>
<suite>
<stat pass="1" fail="0" skip="0" id="s1" name="practiceForm">practiceForm</stat>
</suite>
</statistics>
<errors>
</errors>
</robot>
