<?xml version="1.0" encoding="UTF-8"?>
<robot generator="Robot 7.0 (Python 3.12.2 on win32)" generated="2024-04-04T00:02:47.911186" rpa="false" schemaversion="5">
<suite id="s1" name="Elements" source="C:\Users\test657\RobotFramework\pythonProject\tests\examples\elements">
<suite id="s1-s1" name="clickIt" source="C:\Users\test657\RobotFramework\pythonProject\tests\examples\elements\clickIt.robot">
<test id="s1-s1-t1" name="Verify Element Exist And Click On It" line="15">
<kw name="Start the browser" owner="commonKeywordsPage" type="SETUP">
<kw name="Create Webdriver" owner="SeleniumLibrary">
<msg time="2024-04-04T00:02:48.107002" level="INFO">Creating an instance of the Chrome WebDriver.</msg>
<arg>${browser}</arg>
<doc>Creates an instance of Selenium WebDriver.</doc>
<status status="PASS" start="2024-04-04T00:02:48.107002" elapsed="1.629666"/>
</kw>
<status status="PASS" start="2024-04-04T00:02:48.106472" elapsed="1.630196"/>
</kw>
<kw name="Navigate to the buttons page" owner="clickItPage">
<kw name="Log" owner="BuiltIn">
<msg time="2024-04-04T00:02:49.737667" level="INFO">https://demoqa.com/buttons</msg>
<arg>${login_urlAddress}</arg>
<doc>Logs the given message with the given level.</doc>
<status status="PASS" start="2024-04-04T00:02:49.736668" elapsed="0.000999"/>
</kw>
<kw name="Navigate To Url And Verify" owner="navigateToUrlAndVerify">
<msg time="2024-04-04T00:02:49.744680" level="INFO">Opening url 'https://demoqa.com/buttons'</msg>
<arg>${login_urlAddress}</arg>
<status status="PASS" start="2024-04-04T00:02:49.737667" elapsed="2.087536"/>
</kw>
<arg>${login_urlAddress}</arg>
<doc>Navigates to the login page.</doc>
<status status="PASS" start="2024-04-04T00:02:49.736668" elapsed="2.088535"/>
</kw>
<kw name="Verify element exist and click on it" owner="clickItPage">
<kw name="Verify Element" owner="verifyElement">
<arg>${clickButton}</arg>
<status status="PASS" start="2024-04-04T00:02:51.826202" elapsed="0.009907"/>
</kw>
<kw name="Click It" owner="clickIt">
<msg time="2024-04-04T00:02:51.842206" level="INFO">Clicking element 'xpath=(//*[contains(text(),'Click Me')])[3]'.</msg>
<arg>${clickButton}</arg>
<status status="PASS" start="2024-04-04T00:02:51.836109" elapsed="0.045774"/>
</kw>
<status status="PASS" start="2024-04-04T00:02:51.825203" elapsed="0.056680"/>
</kw>
<kw name="Kill Browser Session" owner="commonKeywordsPage" type="TEARDOWN">
<kw name="Close Browser" owner="SeleniumLibrary">
<doc>Closes the current browser.</doc>
<status status="PASS" start="2024-04-04T00:02:51.882883" elapsed="2.093805"/>
</kw>
<status status="PASS" start="2024-04-04T00:02:51.881883" elapsed="2.094805"/>
</kw>
<status status="PASS" start="2024-04-04T00:02:48.105501" elapsed="5.871187"/>
</test>
<doc>Verify element exist and click on it</doc>
<status status="PASS" start="2024-04-04T00:02:47.929168" elapsed="6.049403"/>
</suite>
<suite id="s1-s2" name="Element" source="C:\Users\test657\RobotFramework\pythonProject\tests\examples\elements\element.robot">
<test id="s1-s2-t1" name="Verify Element Exist And It Is Only One In The DOM Three" line="15">
<kw name="Start the browser" owner="commonKeywordsPage" type="SETUP">
<kw name="Create Webdriver" owner="SeleniumLibrary">
<msg time="2024-04-04T00:02:53.990179" level="INFO">Creating an instance of the Chrome WebDriver.</msg>
<arg>${browser}</arg>
<doc>Creates an instance of Selenium WebDriver.</doc>
<status status="PASS" start="2024-04-04T00:02:53.990118" elapsed="1.548437"/>
</kw>
<status status="PASS" start="2024-04-04T00:02:53.988614" elapsed="1.551445"/>
</kw>
<kw name="Navigate to the login page" owner="elementPage">
<kw name="Log" owner="BuiltIn">
<msg time="2024-04-04T00:02:55.540059" level="INFO">https://demoqa.com/login</msg>
<arg>${login_urlAddress}</arg>
<doc>Logs the given message with the given level.</doc>
<status status="PASS" start="2024-04-04T00:02:55.540059" elapsed="0.000000"/>
</kw>
<kw name="Navigate To Url And Verify" owner="navigateToUrlAndVerify">
<msg time="2024-04-04T00:02:55.541062" level="INFO">Opening url 'https://demoqa.com/login'</msg>
<arg>${login_urlAddress}</arg>
<status status="PASS" start="2024-04-04T00:02:55.540059" elapsed="2.168644"/>
</kw>
<arg>${login_urlAddress}</arg>
<doc>Navigates to the login page.</doc>
<status status="PASS" start="2024-04-04T00:02:55.540059" elapsed="2.168644"/>
</kw>
<kw name="Verify element exist and it is only one in the DOM three" owner="elementPage">
<kw name="Verify Element" owner="verifyElement">
<arg>${userName_inputTextElement}</arg>
<status status="PASS" start="2024-04-04T00:02:57.709703" elapsed="0.008051"/>
</kw>
<status status="PASS" start="2024-04-04T00:02:57.708703" elapsed="0.009051"/>
</kw>
<kw name="Kill Browser Session" owner="commonKeywordsPage" type="TEARDOWN">
<kw name="Close Browser" owner="SeleniumLibrary">
<doc>Closes the current browser.</doc>
<status status="PASS" start="2024-04-04T00:02:57.717754" elapsed="2.098523"/>
</kw>
<status status="PASS" start="2024-04-04T00:02:57.717754" elapsed="2.098523"/>
</kw>
<status status="PASS" start="2024-04-04T00:02:53.988614" elapsed="5.827663"/>
</test>
<doc>Verify element exist and it is only one in the DOM three</doc>
<status status="PASS" start="2024-04-04T00:02:53.979571" elapsed="5.837597"/>
</suite>
<status status="PASS" start="2024-04-04T00:02:47.912158" elapsed="11.906036"/>
</suite>
<statistics>
<total>
<stat pass="2" fail="0" skip="0">All Tests</stat>
</total>
<tag>
</tag>
<suite>
<stat pass="2" fail="0" skip="0" id="s1" name="Elements">Elements</stat>
<stat pass="1" fail="0" skip="0" id="s1-s1" name="clickIt">Elements.clickIt</stat>
<stat pass="1" fail="0" skip="0" id="s1-s2" name="Element">Elements.Element</stat>
</suite>
</statistics>
<errors>
</errors>
</robot>
