<?xml version="1.0" encoding="UTF-8"?>
<robot generator="Robot 7.0 (Python 3.12.2 on win32)" generated="2024-04-04T15:43:22.286090" rpa="false" schemaversion="5">
<suite id="s1" name="Elements" source="C:\Users\test657\RobotFramework\pythonProject\tests\examples\elements">
<suite id="s1-s1" name="clickIt" source="C:\Users\test657\RobotFramework\pythonProject\tests\examples\elements\clickIt.robot">
<test id="s1-s1-t1" name="Verify Element Exist And Click On It" line="17">
<kw name="Start the browser" owner="commonKeywordsPage" type="SETUP">
<kw name="Evaluate" owner="BuiltIn">
<msg time="2024-04-04T15:43:22.480510" level="INFO">${options} = &lt;selenium.webdriver.chrome.options.Options object at 0x0000021A4560BBC0&gt;</msg>
<var>${options}</var>
<arg>sys.modules['selenium.webdriver'].${browser}Options()</arg>
<arg>sys, selenium.webdriver</arg>
<doc>Evaluates the given expression in Python and returns the result.</doc>
<status status="PASS" start="2024-04-04T15:43:22.480441" elapsed="0.000069"/>
</kw>
<kw name="Run Keyword If" owner="BuiltIn">
<arg>'${browser}' == 'Firefox' and ${HEADLESS}</arg>
<arg>Call Method</arg>
<arg>${options}</arg>
<arg>add_argument</arg>
<arg>-headless</arg>
<doc>Runs the given keyword with the given arguments, if ``condition`` is true.</doc>
<status status="PASS" start="2024-04-04T15:43:22.480510" elapsed="0.000000"/>
</kw>
<kw name="Run Keyword If" owner="BuiltIn">
<arg>'${browser}' == 'Chrome' and ${HEADLESS}</arg>
<arg>Call Method</arg>
<arg>${options}</arg>
<arg>add_argument</arg>
<arg>--headless</arg>
<doc>Runs the given keyword with the given arguments, if ``condition`` is true.</doc>
<status status="PASS" start="2024-04-04T15:43:22.480510" elapsed="0.000000"/>
</kw>
<kw name="Run Keyword If" owner="BuiltIn">
<kw name="Call Method" owner="BuiltIn">
<arg>${options}</arg>
<arg>add_argument</arg>
<arg>--disable-gpu</arg>
<doc>Calls the named method of the given object with the provided arguments.</doc>
<status status="PASS" start="2024-04-04T15:43:22.481446" elapsed="0.000000"/>
</kw>
<arg>'${browser}' == 'Chrome'</arg>
<arg>Call Method</arg>
<arg>${options}</arg>
<arg>add_argument</arg>
<arg>--disable-gpu</arg>
<doc>Runs the given keyword with the given arguments, if ``condition`` is true.</doc>
<status status="PASS" start="2024-04-04T15:43:22.480510" elapsed="0.000936"/>
</kw>
<kw name="Create Webdriver" owner="SeleniumLibrary">
<msg time="2024-04-04T15:43:22.481446" level="INFO">Creating an instance of the Chrome WebDriver.</msg>
<arg>${browser}</arg>
<arg>options=${options}</arg>
<doc>Creates an instance of Selenium WebDriver.</doc>
<status status="PASS" start="2024-04-04T15:43:22.481446" elapsed="1.551484"/>
</kw>
<status status="PASS" start="2024-04-04T15:43:22.478937" elapsed="1.553993"/>
</kw>
<kw name="Navigate to the buttons page" owner="clickItPage">
<kw name="Log" owner="BuiltIn">
<msg time="2024-04-04T15:43:24.032930" level="INFO">https://demoqa.com/buttons</msg>
<arg>${login_urlAddress}</arg>
<doc>Logs the given message with the given level.</doc>
<status status="PASS" start="2024-04-04T15:43:24.032930" elapsed="0.000000"/>
</kw>
<kw name="Navigate To Url And Verify" owner="navigateToUrlAndVerify">
<msg time="2024-04-04T15:43:24.041960" level="INFO">Opening url 'https://demoqa.com/buttons'</msg>
<arg>${login_urlAddress}</arg>
<status status="PASS" start="2024-04-04T15:43:24.032930" elapsed="1.335982"/>
</kw>
<arg>${login_urlAddress}</arg>
<doc>Navigates to the login page.</doc>
<status status="PASS" start="2024-04-04T15:43:24.032930" elapsed="1.335982"/>
</kw>
<kw name="Verify element exist and click on it" owner="clickItPage">
<kw name="Verify Element" owner="verifyElement">
<arg>${clickButton}</arg>
<status status="PASS" start="2024-04-04T15:43:25.370415" elapsed="0.028581"/>
</kw>
<kw name="Click It" owner="clickIt">
<msg time="2024-04-04T15:43:25.418622" level="INFO">Clicking element 'xpath=(//*[contains(text(),'Click Me')])[3]'.</msg>
<arg>${clickButton}</arg>
<status status="PASS" start="2024-04-04T15:43:25.398996" elapsed="0.063565"/>
</kw>
<status status="PASS" start="2024-04-04T15:43:25.370415" elapsed="0.092146"/>
</kw>
<kw name="Kill Browser Session" owner="commonKeywordsPage" type="TEARDOWN">
<kw name="Close Browser" owner="SeleniumLibrary">
<doc>Closes the current browser.</doc>
<status status="PASS" start="2024-04-04T15:43:25.463560" elapsed="2.083022"/>
</kw>
<status status="PASS" start="2024-04-04T15:43:25.463560" elapsed="2.083022"/>
</kw>
<tag>clickIt</tag>
<tag>elements</tag>
<tag>examples</tag>
<status status="PASS" start="2024-04-04T15:43:22.478937" elapsed="5.067645"/>
</test>
<doc>Verify element exist and click on it</doc>
<status status="PASS" start="2024-04-04T15:43:22.302634" elapsed="5.245630"/>
</suite>
<suite id="s1-s2" name="Element" source="C:\Users\test657\RobotFramework\pythonProject\tests\examples\elements\element.robot">
<test id="s1-s2-t1" name="Verify Element Exist And It Is Only One In the DOM Three" line="17">
<kw name="Start the browser" owner="commonKeywordsPage" type="SETUP">
<kw name="Evaluate" owner="BuiltIn">
<msg time="2024-04-04T15:43:27.558818" level="INFO">${options} = &lt;selenium.webdriver.chrome.options.Options object at 0x0000021A45652000&gt;</msg>
<var>${options}</var>
<arg>sys.modules['selenium.webdriver'].${browser}Options()</arg>
<arg>sys, selenium.webdriver</arg>
<doc>Evaluates the given expression in Python and returns the result.</doc>
<status status="PASS" start="2024-04-04T15:43:27.558818" elapsed="0.000000"/>
</kw>
<kw name="Run Keyword If" owner="BuiltIn">
<arg>'${browser}' == 'Firefox' and ${HEADLESS}</arg>
<arg>Call Method</arg>
<arg>${options}</arg>
<arg>add_argument</arg>
<arg>-headless</arg>
<doc>Runs the given keyword with the given arguments, if ``condition`` is true.</doc>
<status status="PASS" start="2024-04-04T15:43:27.558818" elapsed="0.000000"/>
</kw>
<kw name="Run Keyword If" owner="BuiltIn">
<arg>'${browser}' == 'Chrome' and ${HEADLESS}</arg>
<arg>Call Method</arg>
<arg>${options}</arg>
<arg>add_argument</arg>
<arg>--headless</arg>
<doc>Runs the given keyword with the given arguments, if ``condition`` is true.</doc>
<status status="PASS" start="2024-04-04T15:43:27.558818" elapsed="0.000000"/>
</kw>
<kw name="Run Keyword If" owner="BuiltIn">
<kw name="Call Method" owner="BuiltIn">
<arg>${options}</arg>
<arg>add_argument</arg>
<arg>--disable-gpu</arg>
<doc>Calls the named method of the given object with the provided arguments.</doc>
<status status="PASS" start="2024-04-04T15:43:27.559843" elapsed="0.000000"/>
</kw>
<arg>'${browser}' == 'Chrome'</arg>
<arg>Call Method</arg>
<arg>${options}</arg>
<arg>add_argument</arg>
<arg>--disable-gpu</arg>
<doc>Runs the given keyword with the given arguments, if ``condition`` is true.</doc>
<status status="PASS" start="2024-04-04T15:43:27.558818" elapsed="0.001025"/>
</kw>
<kw name="Create Webdriver" owner="SeleniumLibrary">
<msg time="2024-04-04T15:43:27.559843" level="INFO">Creating an instance of the Chrome WebDriver.</msg>
<arg>${browser}</arg>
<arg>options=${options}</arg>
<doc>Creates an instance of Selenium WebDriver.</doc>
<status status="PASS" start="2024-04-04T15:43:27.559843" elapsed="1.432582"/>
</kw>
<status status="PASS" start="2024-04-04T15:43:27.557904" elapsed="1.434521"/>
</kw>
<kw name="Navigate to the login page" owner="elementPage">
<kw name="Log" owner="BuiltIn">
<msg time="2024-04-04T15:43:28.992425" level="INFO">https://demoqa.com/login</msg>
<arg>${login_urlAddress}</arg>
<doc>Logs the given message with the given level.</doc>
<status status="PASS" start="2024-04-04T15:43:28.992425" elapsed="0.000000"/>
</kw>
<kw name="Navigate To Url And Verify" owner="navigateToUrlAndVerify">
<msg time="2024-04-04T15:43:28.993398" level="INFO">Opening url 'https://demoqa.com/login'</msg>
<arg>${login_urlAddress}</arg>
<status status="PASS" start="2024-04-04T15:43:28.993398" elapsed="1.392821"/>
</kw>
<arg>${login_urlAddress}</arg>
<doc>Navigates to the login page.</doc>
<status status="PASS" start="2024-04-04T15:43:28.992425" elapsed="1.393794"/>
</kw>
<kw name="Verify element exist and it is only one in the DOM three" owner="elementPage">
<kw name="Verify Element" owner="verifyElement">
<arg>${userName_inputTextElement}</arg>
<status status="PASS" start="2024-04-04T15:43:30.386219" elapsed="0.012529"/>
</kw>
<status status="PASS" start="2024-04-04T15:43:30.386219" elapsed="0.012529"/>
</kw>
<kw name="Kill Browser Session" owner="commonKeywordsPage" type="TEARDOWN">
<kw name="Close Browser" owner="SeleniumLibrary">
<doc>Closes the current browser.</doc>
<status status="PASS" start="2024-04-04T15:43:30.400252" elapsed="2.079778"/>
</kw>
<status status="PASS" start="2024-04-04T15:43:30.400252" elapsed="2.079778"/>
</kw>
<tag>element</tag>
<tag>elements</tag>
<tag>examples</tag>
<status status="PASS" start="2024-04-04T15:43:27.557904" elapsed="4.922126"/>
</test>
<doc>Verify that an element exists and it is the only one in the DOM tree</doc>
<status status="PASS" start="2024-04-04T15:43:27.549175" elapsed="4.931745"/>
</suite>
<status status="PASS" start="2024-04-04T15:43:22.287094" elapsed="10.195951"/>
</suite>
<statistics>
<total>
<stat pass="2" fail="0" skip="0">All Tests</stat>
</total>
<tag>
<stat pass="1" fail="0" skip="0">clickIt</stat>
<stat pass="1" fail="0" skip="0">element</stat>
<stat pass="2" fail="0" skip="0">elements</stat>
<stat pass="2" fail="0" skip="0">examples</stat>
</tag>
<suite>
<stat pass="2" fail="0" skip="0" id="s1" name="Elements">Elements</stat>
<stat pass="1" fail="0" skip="0" id="s1-s1" name="clickIt">Elements.clickIt</stat>
<stat pass="1" fail="0" skip="0" id="s1-s2" name="Element">Elements.Element</stat>
</suite>
</statistics>
<errors>
</errors>
</robot>
