<?xml version="1.0" encoding="UTF-8"?>
<robot generator="Robot 7.0 (Python 3.12.2 on win32)" generated="2024-04-04T09:16:28.659485" rpa="false" schemaversion="5">
<suite id="s1" name="Elements" source="C:\Users\test657\RobotFramework\pythonProject\tests\examples\elements">
<suite id="s1-s1" name="clickIt" source="C:\Users\test657\RobotFramework\pythonProject\tests\examples\elements\clickIt.robot">
<test id="s1-s1-t1" name="Verify Element Exist And Click On It" line="15">
<kw name="Start the browser" owner="commonKeywordsPage" type="SETUP">
<kw name="Evaluate" owner="BuiltIn">
<msg time="2024-04-04T09:16:28.856811" level="INFO">${options} = &lt;selenium.webdriver.firefox.options.Options object at 0x0000025EC59E85F0&gt;</msg>
<var>${options}</var>
<arg>sys.modules['selenium.webdriver'].${browser}Options()</arg>
<arg>sys, selenium.webdriver</arg>
<doc>Evaluates the given expression in Python and returns the result.</doc>
<status status="PASS" start="2024-04-04T09:16:28.855806" elapsed="0.001005"/>
</kw>
<kw name="Run Keyword If" owner="BuiltIn">
<kw name="Call Method" owner="BuiltIn">
<arg>${options}</arg>
<arg>add_argument</arg>
<arg>-headless</arg>
<doc>Calls the named method of the given object with the provided arguments.</doc>
<status status="PASS" start="2024-04-04T09:16:28.856811" elapsed="0.000000"/>
</kw>
<arg>'${browser}' == 'Firefox' and ${HEADLESS}</arg>
<arg>Call Method</arg>
<arg>${options}</arg>
<arg>add_argument</arg>
<arg>-headless</arg>
<doc>Runs the given keyword with the given arguments, if ``condition`` is true.</doc>
<status status="PASS" start="2024-04-04T09:16:28.856811" elapsed="0.000000"/>
</kw>
<kw name="Run Keyword If" owner="BuiltIn">
<arg>'${browser}' == 'Chrome' and ${HEADLESS}</arg>
<arg>Call Method</arg>
<arg>${options}</arg>
<arg>add_argument</arg>
<arg>--headless</arg>
<doc>Runs the given keyword with the given arguments, if ``condition`` is true.</doc>
<status status="PASS" start="2024-04-04T09:16:28.857811" elapsed="0.000000"/>
</kw>
<kw name="Run Keyword If" owner="BuiltIn">
<arg>'${browser}' == 'Chrome'</arg>
<arg>Call Method</arg>
<arg>${options}</arg>
<arg>add_argument</arg>
<arg>--disable-gpu</arg>
<doc>Runs the given keyword with the given arguments, if ``condition`` is true.</doc>
<status status="PASS" start="2024-04-04T09:16:28.857811" elapsed="0.000000"/>
</kw>
<kw name="Create Webdriver" owner="SeleniumLibrary">
<msg time="2024-04-04T09:16:28.857811" level="INFO">Creating an instance of the Firefox WebDriver.</msg>
<arg>${browser}</arg>
<arg>options=${options}</arg>
<doc>Creates an instance of Selenium WebDriver.</doc>
<status status="PASS" start="2024-04-04T09:16:28.857811" elapsed="4.692602"/>
</kw>
<status status="PASS" start="2024-04-04T09:16:28.855806" elapsed="4.694607"/>
</kw>
<kw name="Navigate to the buttons page" owner="clickItPage">
<kw name="Log" owner="BuiltIn">
<msg time="2024-04-04T09:16:33.551411" level="INFO">https://demoqa.com/buttons</msg>
<arg>${login_urlAddress}</arg>
<doc>Logs the given message with the given level.</doc>
<status status="PASS" start="2024-04-04T09:16:33.551411" elapsed="0.000000"/>
</kw>
<kw name="Navigate To Url And Verify" owner="navigateToUrlAndVerify">
<msg time="2024-04-04T09:16:33.562987" level="INFO">Opening url 'https://demoqa.com/buttons'</msg>
<arg>${login_urlAddress}</arg>
<status status="PASS" start="2024-04-04T09:16:33.551411" elapsed="2.118518"/>
</kw>
<arg>${login_urlAddress}</arg>
<doc>Navigates to the login page.</doc>
<status status="PASS" start="2024-04-04T09:16:33.550413" elapsed="2.119516"/>
</kw>
<kw name="Verify element exist and click on it" owner="clickItPage">
<kw name="Verify Element" owner="verifyElement">
<arg>${clickButton}</arg>
<status status="PASS" start="2024-04-04T09:16:35.670903" elapsed="0.008785"/>
</kw>
<kw name="Click It" owner="clickIt">
<msg time="2024-04-04T09:16:35.682688" level="INFO">Clicking element 'xpath=(//*[contains(text(),'Click Me')])[3]'.</msg>
<msg time="2024-04-04T09:16:35.689740" level="FAIL">ElementClickInterceptedException: Message: Element &lt;button id="hQoK8" class="btn btn-primary" type="button"&gt; is not clickable at point (406,665) because another element &lt;iframe id="google_ads_iframe_/21849154601,22343295815/Ad.Plus-Anchor_0" name="google_ads_iframe_/21849154601,22343295815/Ad.Plus-Anchor_0"&gt; obscures it
Stacktrace:
RemoteError@chrome://remote/content/shared/RemoteError.sys.mjs:8:8
WebDriverError@chrome://remote/content/shared/webdriver/Errors.sys.mjs:192:5
ElementClickInterceptedError@chrome://remote/content/shared/webdriver/Errors.sys.mjs:336:5
webdriverClickElement@chrome://remote/content/marionette/interaction.sys.mjs:176:11
interaction.clickElement@chrome://remote/content/marionette/interaction.sys.mjs:135:11
clickElement@chrome://remote/content/marionette/actors/MarionetteCommandsChild.sys.mjs:204:29
receiveMessage@chrome://remote/content/marionette/actors/MarionetteCommandsChild.sys.mjs:84:31
</msg>
<arg>${clickButton}</arg>
<status status="FAIL" start="2024-04-04T09:16:35.680689" elapsed="0.015119">ElementClickInterceptedException: Message: Element &lt;button id="hQoK8" class="btn btn-primary" type="button"&gt; is not clickable at point (406,665) because another element &lt;iframe id="google_ads_iframe_/21849154601,22343295815/Ad.Plus-Anchor_0" name="google_ads_iframe_/21849154601,22343295815/Ad.Plus-Anchor_0"&gt; obscures it
Stacktrace:
RemoteError@chrome://remote/content/shared/RemoteError.sys.mjs:8:8
WebDriverError@chrome://remote/content/shared/webdriver/Errors.sys.mjs:192:5
ElementClickInterceptedError@chrome://remote/content/shared/webdriver/Errors.sys.mjs:336:5
webdriverClickElement@chrome://remote/content/marionette/interaction.sys.mjs:176:11
interaction.clickElement@chrome://remote/content/marionette/interaction.sys.mjs:135:11
clickElement@chrome://remote/content/marionette/actors/MarionetteCommandsChild.sys.mjs:204:29
receiveMessage@chrome://remote/content/marionette/actors/MarionetteCommandsChild.sys.mjs:84:31
</status>
</kw>
<status status="FAIL" start="2024-04-04T09:16:35.669929" elapsed="0.026884">ElementClickInterceptedException: Message: Element &lt;button id="hQoK8" class="btn btn-primary" type="button"&gt; is not clickable at point (406,665) because another element &lt;iframe id="google_ads_iframe_/21849154601,22343295815/Ad.Plus-Anchor_0" name="google_ads_iframe_/21849154601,22343295815/Ad.Plus-Anchor_0"&gt; obscures it
Stacktrace:
RemoteError@chrome://remote/content/shared/RemoteError.sys.mjs:8:8
WebDriverError@chrome://remote/content/shared/webdriver/Errors.sys.mjs:192:5
ElementClickInterceptedError@chrome://remote/content/shared/webdriver/Errors.sys.mjs:336:5
webdriverClickElement@chrome://remote/content/marionette/interaction.sys.mjs:176:11
interaction.clickElement@chrome://remote/content/marionette/interaction.sys.mjs:135:11
clickElement@chrome://remote/content/marionette/actors/MarionetteCommandsChild.sys.mjs:204:29
receiveMessage@chrome://remote/content/marionette/actors/MarionetteCommandsChild.sys.mjs:84:31
</status>
</kw>
<kw name="Kill Browser Session" owner="commonKeywordsPage" type="TEARDOWN">
<kw name="Close Browser" owner="SeleniumLibrary">
<doc>Closes the current browser.</doc>
<status status="PASS" start="2024-04-04T09:16:35.696813" elapsed="2.793842"/>
</kw>
<status status="PASS" start="2024-04-04T09:16:35.696813" elapsed="2.793842"/>
</kw>
<status status="FAIL" start="2024-04-04T09:16:28.854716" elapsed="9.635939">ElementClickInterceptedException: Message: Element &lt;button id="hQoK8" class="btn btn-primary" type="button"&gt; is not clickable at point (406,665) because another element &lt;iframe id="google_ads_iframe_/21849154601,22343295815/Ad.Plus-Anchor_0" name="google_ads_iframe_/21849154601,22343295815/Ad.Plus-Anchor_0"&gt; obscures it
Stacktrace:
RemoteError@chrome://remote/content/shared/RemoteError.sys.mjs:8:8
WebDriverError@chrome://remote/content/shared/webdriver/Errors.sys.mjs:192:5
ElementClickInterceptedError@chrome://remote/content/shared/webdriver/Errors.sys.mjs:336:5
webdriverClickElement@chrome://remote/content/marionette/interaction.sys.mjs:176:11
interaction.clickElement@chrome://remote/content/marionette/interaction.sys.mjs:135:11
clickElement@chrome://remote/content/marionette/actors/MarionetteCommandsChild.sys.mjs:204:29
receiveMessage@chrome://remote/content/marionette/actors/MarionetteCommandsChild.sys.mjs:84:31
</status>
</test>
<doc>Verify element exist and click on it</doc>
<status status="FAIL" start="2024-04-04T09:16:28.679113" elapsed="9.811542"/>
</suite>
<status status="FAIL" start="2024-04-04T09:16:28.668496" elapsed="9.823161"/>
</suite>
<statistics>
<total>
<stat pass="0" fail="1" skip="0">All Tests</stat>
</total>
<tag>
</tag>
<suite>
<stat pass="0" fail="1" skip="0" id="s1" name="Elements">Elements</stat>
<stat pass="0" fail="1" skip="0" id="s1-s1" name="clickIt">Elements.clickIt</stat>
</suite>
</statistics>
<errors>
</errors>
</robot>
